[2023-03-05T12:36:32.761] [ERROR] error - Error getting product [Argument passed in must be a string of 12 bytes or a string of 24 hex characters or an integer]
[2023-03-05T12:42:43.720] [ERROR] error - Error getting product [Argument passed in must be a string of 12 bytes or a string of 24 hex characters or an integer]
[2023-03-05T12:43:17.156] [ERROR] error - Error getting product [Argument passed in must be a string of 12 bytes or a string of 24 hex characters or an integer]
[2023-03-05T12:43:58.640] [ERROR] error - Error getting products [Argument passed in must be a string of 12 bytes or a string of 24 hex characters or an integer]
[2023-03-05T12:45:43.428] [ERROR] error - Error getting products [Argument passed in must be a string of 12 bytes or a string of 24 hex characters or an integer]
[2023-03-05T12:46:20.501] [ERROR] error - Error getting products [Argument passed in must be a string of 12 bytes or a string of 24 hex characters or an integer]
[2023-03-05T12:47:05.559] [ERROR] error - Error getting products [Update document requires atomic operators]
[2023-03-05T13:17:57.669] [ERROR] error - Error getting product [Argument passed in must be a string of 12 bytes or a string of 24 hex characters or an integer]
[2023-03-05T16:46:40.424] [ERROR] error - logger is not defined
[2023-03-05T16:47:30.819] [ERROR] error - Error saving the user [this.collection is not a function]
[2023-03-12T17:21:23.095] [ERROR] error - Argument passed in must be a string of 12 bytes or a string of 24 hex characters or an integer
[2023-03-13T09:20:02.120] [ERROR] error - Error getting the car [Argument passed in must be a string of 12 bytes or a string of 24 hex characters or an integer]
[2023-03-13T09:24:42.228] [ERROR] error - Error getting the car [Argument passed in must be a string of 12 bytes or a string of 24 hex characters or an integer]
[2023-03-13T09:24:51.723] [ERROR] error - invalid signature
[2023-03-13T09:29:09.260] [ERROR] error - Error getting the car [Argument passed in must be a string of 12 bytes or a string of 24 hex characters or an integer]
[2023-03-13T11:32:26.497] [ERROR] error - Error updating the car [Update document requires atomic operators]
[2023-03-13T11:33:01.107] [ERROR] error - Error updating the car [Update document requires atomic operators]
[2023-03-13T11:33:34.451] [ERROR] error - Error updating the car [Update document requires atomic operators]
[2023-03-13T11:35:32.963] [ERROR] error - Error updating the car [Update document requires atomic operators]
[2023-03-13T11:36:40.195] [ERROR] error - Error updating the car [register is not a function]
[2023-03-13T11:54:22.361] [ERROR] error - Cannot read properties of undefined (reading 'toString')
[2023-03-13T15:29:13.113] [ERROR] error - authorization is not defined
[2023-03-13T15:29:28.206] [ERROR] error - authorization is not defined
[2023-03-14T11:14:27.535] [ERROR] error - jwt is not defined
[2023-03-14T11:14:44.163] [ERROR] error - carContainer is not defined
[2023-03-14T11:15:40.131] [ERROR] error - userId is not defined
[2023-03-14T16:06:38.448] [ERROR] error - Error updating the order [Modifiers operate on fields but we found type string instead. For example: {$mod: {<field>: ...}} not {$set: "test_payment"}]
[2023-03-14T16:21:56.453] [ERROR] error - orders.map is not a function
[2023-03-14T16:22:25.975] [ERROR] error - orders.map is not a function
